<?xml version="1.0" encoding="UTF-8"?>
<Site BuildName="Win32-ninja"
	BuildStamp="20240806-2038-Experimental"
	Name="cephas"
	Generator="ctest-3.30.1"
	CompilerName="C:/msys64/mingw64/bin/c++.exe"
	CompilerVersion="13.1.0"
	OSName="Windows"
	Hostname="cephas"
	OSRelease=" Personal"
	OSVersion=" (Build 22631)"
	OSPlatform="AMD64"
	Is64Bits="1"
	VendorString="AuthenticAMD"
	VendorID="Advanced Micro Devices"
	FamilyID="15"
	ModelID="0"
	ProcessorCacheSize="64"
	NumberOfLogicalCPU="16"
	NumberOfPhysicalCPU="8"
	TotalVirtualMemory="18974"
	TotalPhysicalMemory="15774"
	LogicalProcessorsPerPhysical="2"
	ProcessorClockFrequency="3293"
	>
	<Testing>
		<StartDateTime>Aug 06 17:07 Central Daylight Time</StartDateTime>
		<StartTestTime>1722982047</StartTestTime>
		<TestList/>
		<EndDateTime>Aug 06 17:07 Central Daylight Time</EndDateTime>
		<EndTestTime>1722982047</EndTestTime>
		<ElapsedMinutes>0</ElapsedMinutes>
	</Testing>
</Site>
